<?xml version="1.0" encoding="UTF-8"?>
<!-- Generated by org.testng.reporters.JUnitXMLReporter -->
<testsuite hostname="Amruthaa" ignored="1" name="Default test" tests="3" failures="0" timestamp="03 Apr 2018 16:47:09 GMT" time="36.231" errors="0">
  <testcase name="clickOnPaypalTest" time="6.677" classname="com.qa.linqia.test.IntegrationWithPaypalTest"/>
  <testcase name="verifyPageTextTest" time="2.643" classname="com.qa.linqia.test.IntegrationWithPaypalTest"/>
  <testcase name="clickOnSupportTest" time="2.282" classname="com.qa.linqia.test.IntegrationWithPaypalTest"/>
  <testcase name="paypalLogoTest" time="0.0" classname="com.qa.linqia.test.IntegrationWithPaypalTest">
    <ignored/>
  </testcase> <!-- paypalLogoTest -->
</testsuite> <!-- Default test -->
