<?xml version="1.0" encoding="UTF-8"?>
<testng-results skipped="0" failed="0" ignored="1" total="4" passed="3">
  <reporter-output>
  </reporter-output>
  <suite name="Default suite" duration-ms="36231" started-at="2018-04-03T16:46:32Z" finished-at="2018-04-03T16:47:09Z">
    <groups>
    </groups>
    <test name="Default test" duration-ms="36231" started-at="2018-04-03T16:46:32Z" finished-at="2018-04-03T16:47:09Z">
      <class name="com.qa.linqia.test.IntegrationWithPaypalTest">
        <test-method status="PASS" signature="setUp()[pri:0, instance:com.qa.linqia.test.IntegrationWithPaypalTest@f6c48ac]" name="setUp" is-config="true" duration-ms="8110" started-at="2018-04-03T09:46:32Z" finished-at="2018-04-03T09:46:41Z">
          <reporter-output>
          </reporter-output>
        </test-method> <!-- setUp -->
        <test-method status="PASS" signature="clickOnPaypalTest()[pri:0, instance:com.qa.linqia.test.IntegrationWithPaypalTest@f6c48ac]" name="clickOnPaypalTest" duration-ms="6677" started-at="2018-04-03T09:46:41Z" finished-at="2018-04-03T09:46:47Z">
          <reporter-output>
          </reporter-output>
        </test-method> <!-- clickOnPaypalTest -->
        <test-method status="PASS" signature="tearDown()[pri:0, instance:com.qa.linqia.test.IntegrationWithPaypalTest@f6c48ac]" name="tearDown" is-config="true" duration-ms="793" started-at="2018-04-03T09:46:47Z" finished-at="2018-04-03T09:46:48Z">
          <reporter-output>
          </reporter-output>
        </test-method> <!-- tearDown -->
        <test-method status="PASS" signature="setUp()[pri:0, instance:com.qa.linqia.test.IntegrationWithPaypalTest@f6c48ac]" name="setUp" is-config="true" duration-ms="7275" started-at="2018-04-03T09:46:48Z" finished-at="2018-04-03T09:46:55Z">
          <reporter-output>
          </reporter-output>
        </test-method> <!-- setUp -->
        <test-method status="PASS" signature="verifyPageTextTest()[pri:0, instance:com.qa.linqia.test.IntegrationWithPaypalTest@f6c48ac]" name="verifyPageTextTest" duration-ms="2643" started-at="2018-04-03T09:46:55Z" finished-at="2018-04-03T09:46:58Z">
          <reporter-output>
          </reporter-output>
        </test-method> <!-- verifyPageTextTest -->
        <test-method status="PASS" signature="tearDown()[pri:0, instance:com.qa.linqia.test.IntegrationWithPaypalTest@f6c48ac]" name="tearDown" is-config="true" duration-ms="696" started-at="2018-04-03T09:46:58Z" finished-at="2018-04-03T09:46:59Z">
          <reporter-output>
          </reporter-output>
        </test-method> <!-- tearDown -->
        <test-method status="PASS" signature="setUp()[pri:0, instance:com.qa.linqia.test.IntegrationWithPaypalTest@f6c48ac]" name="setUp" is-config="true" duration-ms="6937" started-at="2018-04-03T09:46:59Z" finished-at="2018-04-03T09:47:06Z">
          <reporter-output>
          </reporter-output>
        </test-method> <!-- setUp -->
        <test-method status="PASS" signature="clickOnSupportTest()[pri:1, instance:com.qa.linqia.test.IntegrationWithPaypalTest@f6c48ac]" name="clickOnSupportTest" duration-ms="2282" started-at="2018-04-03T09:47:06Z" finished-at="2018-04-03T09:47:08Z">
          <reporter-output>
          </reporter-output>
        </test-method> <!-- clickOnSupportTest -->
        <test-method status="PASS" signature="tearDown()[pri:0, instance:com.qa.linqia.test.IntegrationWithPaypalTest@f6c48ac]" name="tearDown" is-config="true" duration-ms="773" started-at="2018-04-03T09:47:08Z" finished-at="2018-04-03T09:47:09Z">
          <reporter-output>
          </reporter-output>
        </test-method> <!-- tearDown -->
      </class> <!-- com.qa.linqia.test.IntegrationWithPaypalTest -->
    </test> <!-- Default test -->
  </suite> <!-- Default suite -->
</testng-results>
